timestamp: 2016-01-30T19:47:12.770000
CREATE TABLE auth_user(
    id INTEGER PRIMARY KEY AUTOINCREMENT,
    first_name CHAR(128),
    last_name CHAR(128),
    email CHAR(512),
    username CHAR(128),
    password CHAR(512),
    registration_key CHAR(512),
    reset_password_key CHAR(512),
    registration_id CHAR(512),
    profile CHAR(512),
    description CHAR(512),
    locationLatitude DOUBLE,
    locationLongitude DOUBLE,
    homeTown CHAR(512),
    uuid CHAR(512)
);
success!
timestamp: 2016-01-30T19:47:12.796000
CREATE TABLE auth_group(
    id INTEGER PRIMARY KEY AUTOINCREMENT,
    role CHAR(512),
    description TEXT
);
success!
timestamp: 2016-01-30T19:47:12.817000
CREATE TABLE auth_membership(
    id INTEGER PRIMARY KEY AUTOINCREMENT,
    user_id INTEGER REFERENCES auth_user (id) ON DELETE CASCADE  ,
    group_id INTEGER REFERENCES auth_group (id) ON DELETE CASCADE  
);
success!
timestamp: 2016-01-30T19:47:12.842000
CREATE TABLE auth_permission(
    id INTEGER PRIMARY KEY AUTOINCREMENT,
    group_id INTEGER REFERENCES auth_group (id) ON DELETE CASCADE  ,
    name CHAR(512),
    table_name CHAR(512),
    record_id INTEGER
);
success!
timestamp: 2016-01-30T19:47:12.864000
CREATE TABLE auth_event(
    id INTEGER PRIMARY KEY AUTOINCREMENT,
    time_stamp TIMESTAMP,
    client_ip CHAR(512),
    user_id INTEGER REFERENCES auth_user (id) ON DELETE CASCADE  ,
    origin CHAR(512),
    description TEXT
);
success!
timestamp: 2016-01-30T19:47:12.891000
CREATE TABLE auth_cas(
    id INTEGER PRIMARY KEY AUTOINCREMENT,
    user_id INTEGER REFERENCES auth_user (id) ON DELETE CASCADE  ,
    created_on TIMESTAMP,
    service CHAR(512),
    ticket CHAR(512),
    renew CHAR(1)
);
success!
timestamp: 2016-01-30T19:47:12.918000
CREATE TABLE route(
    id INTEGER PRIMARY KEY AUTOINCREMENT,
    uuid CHAR(512),
    startingPointLatitude DOUBLE,
    startingPointLongitude DOUBLE,
    endingPointLatitude DOUBLE,
    endingPointLongitude DOUBLE,
    waypointList TEXT,
    totalDistance DOUBLE,
    userID CHAR(512),
    routeName CHAR(512),
    totalTime INTEGER,
    routeType CHAR(512)
);
success!
timestamp: 2016-01-30T19:47:12.940000
CREATE TABLE waypoint(
    id INTEGER PRIMARY KEY AUTOINCREMENT,
    uuid CHAR(512),
    rating DOUBLE,
    photosURLList TEXT,
    locationLatitude DOUBLE,
    locationLongitude DOUBLE,
    description CHAR(512),
    address CHAR(512),
    waypointName CHAR(512),
    phoneNumber CHAR(512),
    averageCost DOUBLE,
    reviewList TEXT
);
success!
timestamp: 2016-01-30T19:47:12.963000
CREATE TABLE review(
    id INTEGER PRIMARY KEY AUTOINCREMENT,
    uuid CHAR(512),
    waypointID CHAR(512),
    userID CHAR(512),
    rating DOUBLE,
    placeCost DOUBLE,
    reviewDescription CHAR(512),
    postingTime CHAR(512),
    postingTimeString CHAR(512)
);
success!
